{"level":"info","message":"Listening on port 3000..."}
{"level":"info","message":"Connected to mongodb://localhost/ems..."}
{"level":"info","message":"Listening on port 3000..."}
{"level":"info","message":"Connected to mongodb://localhost/ems..."}
{"_message":"Student validation failed","errors":{"firstName":{"kind":"required","message":"Path `firstName` is required.","name":"ValidatorError","path":"firstName","properties":{"message":"Path `firstName` is required.","path":"firstName","type":"required"}},"institute":{"kind":"required","message":"Path `institute` is required.","name":"ValidatorError","path":"institute","properties":{"message":"Path `institute` is required.","path":"institute","type":"required"}},"lastName":{"kind":"required","message":"Path `lastName` is required.","name":"ValidatorError","path":"lastName","properties":{"message":"Path `lastName` is required.","path":"lastName","type":"required"}},"mobile":{"kind":"required","message":"Path `mobile` is required.","name":"ValidatorError","path":"mobile","properties":{"message":"Path `mobile` is required.","path":"mobile","type":"required"}},"password":{"kind":"minlength","message":"Path `password` (`11123`) is shorter than the minimum allowed length (8).","name":"ValidatorError","path":"password","properties":{"message":"Path `password` (`11123`) is shorter than the minimum allowed length (8).","minlength":8,"path":"password","type":"minlength","value":"11123"},"value":"11123"}},"level":"error","message":"Student validation failed: mobile: Path `mobile` is required., institute: Path `institute` is required., lastName: Path `lastName` is required., firstName: Path `firstName` is required., password: Path `password` (`11123`) is shorter than the minimum allowed length (8). Student validation failed: mobile: Path `mobile` is required., institute: Path `institute` is required., lastName: Path `lastName` is required., firstName: Path `firstName` is required., password: Path `password` (`11123`) is shorter than the minimum allowed length (8).","stack":"ValidationError: Student validation failed: mobile: Path `mobile` is required., institute: Path `institute` is required., lastName: Path `lastName` is required., firstName: Path `firstName` is required., password: Path `password` (`11123`) is shorter than the minimum allowed length (8).\n    at model.Document.invalidate (/Users/asheniranda/University/Network Programming/EMS/node_modules/mongoose/lib/document.js:3097:32)\n    at /Users/asheniranda/University/Network Programming/EMS/node_modules/mongoose/lib/document.js:2885:17\n    at /Users/asheniranda/University/Network Programming/EMS/node_modules/mongoose/lib/schematype.js:1349:9\n    at processTicksAndRejections (internal/process/task_queues.js:77:11)"}
{"body":"{\n    \"email\": \"aa@aa.com\",\n}","expose":true,"level":"error","message":"Unexpected token } in JSON at position 28 Unexpected token } in JSON at position 28","stack":"SyntaxError: Unexpected token } in JSON at position 28\n    at JSON.parse (<anonymous>)\n    at parse (/Users/asheniranda/University/Network Programming/EMS/node_modules/body-parser/lib/types/json.js:89:19)\n    at /Users/asheniranda/University/Network Programming/EMS/node_modules/body-parser/lib/read.js:128:18\n    at AsyncResource.runInAsyncScope (async_hooks.js:197:9)\n    at invokeCallback (/Users/asheniranda/University/Network Programming/EMS/node_modules/raw-body/index.js:231:16)\n    at done (/Users/asheniranda/University/Network Programming/EMS/node_modules/raw-body/index.js:220:7)\n    at IncomingMessage.onEnd (/Users/asheniranda/University/Network Programming/EMS/node_modules/raw-body/index.js:280:7)\n    at IncomingMessage.emit (events.js:412:35)\n    at endReadableNT (internal/streams/readable.js:1334:12)\n    at processTicksAndRejections (internal/process/task_queues.js:82:21)","status":400,"statusCode":400,"type":"entity.parse.failed"}
{"_message":"Student validation failed","errors":{"firstName":{"kind":"required","message":"Path `firstName` is required.","name":"ValidatorError","path":"firstName","properties":{"message":"Path `firstName` is required.","path":"firstName","type":"required"}},"institute":{"kind":"required","message":"Path `institute` is required.","name":"ValidatorError","path":"institute","properties":{"message":"Path `institute` is required.","path":"institute","type":"required"}},"lastName":{"kind":"required","message":"Path `lastName` is required.","name":"ValidatorError","path":"lastName","properties":{"message":"Path `lastName` is required.","path":"lastName","type":"required"}},"mobile":{"kind":"required","message":"Path `mobile` is required.","name":"ValidatorError","path":"mobile","properties":{"message":"Path `mobile` is required.","path":"mobile","type":"required"}},"password":{"kind":"minlength","message":"Path `password` (`11123`) is shorter than the minimum allowed length (8).","name":"ValidatorError","path":"password","properties":{"message":"Path `password` (`11123`) is shorter than the minimum allowed length (8).","minlength":8,"path":"password","type":"minlength","value":"11123"},"value":"11123"}},"level":"error","message":"Student validation failed: mobile: Path `mobile` is required., institute: Path `institute` is required., lastName: Path `lastName` is required., firstName: Path `firstName` is required., password: Path `password` (`11123`) is shorter than the minimum allowed length (8). Student validation failed: mobile: Path `mobile` is required., institute: Path `institute` is required., lastName: Path `lastName` is required., firstName: Path `firstName` is required., password: Path `password` (`11123`) is shorter than the minimum allowed length (8).","stack":"ValidationError: Student validation failed: mobile: Path `mobile` is required., institute: Path `institute` is required., lastName: Path `lastName` is required., firstName: Path `firstName` is required., password: Path `password` (`11123`) is shorter than the minimum allowed length (8).\n    at model.Document.invalidate (/Users/asheniranda/University/Network Programming/EMS/node_modules/mongoose/lib/document.js:3097:32)\n    at /Users/asheniranda/University/Network Programming/EMS/node_modules/mongoose/lib/document.js:2885:17\n    at /Users/asheniranda/University/Network Programming/EMS/node_modules/mongoose/lib/schematype.js:1349:9\n    at processTicksAndRejections (internal/process/task_queues.js:77:11)"}
{"level":"info","message":"Listening on port 3000..."}
{"level":"info","message":"Connected to mongodb://localhost/ems..."}
{"level":"info","message":"Listening on port 3000..."}
{"level":"info","message":"Connected to mongodb://localhost/ems..."}
{"level":"info","message":"Listening on port 3000..."}
{"level":"info","message":"Connected to mongodb://localhost/ems..."}
{"level":"error","message":"jwt is not defined jwt is not defined","stack":"ReferenceError: jwt is not defined\n    at model.studentSchema.methods.generateAuthToken (/Users/asheniranda/University/Network Programming/EMS/models/Student.js:47:5)\n    at /Users/asheniranda/University/Network Programming/EMS/routes/auth.js:25:24"}
{"level":"info","message":"Listening on port 3000..."}
{"level":"info","message":"Connected to mongodb://localhost/ems..."}
{"level":"info","message":"Listening on port 3000..."}
{"level":"info","message":"Connected to mongodb://localhost/ems..."}
{"level":"info","message":"Listening on port 3000..."}
{"level":"info","message":"Connected to mongodb://localhost/ems..."}
{"level":"info","message":"Listening on port 3000..."}
{"level":"info","message":"Connected to mongodb://localhost/ems..."}
{"level":"info","message":"Listening on port 3000..."}
{"level":"info","message":"Connected to mongodb://localhost/ems..."}
{"level":"info","message":"Listening on port 3000..."}
{"level":"info","message":"Connected to mongodb://localhost/ems..."}
{"level":"info","message":"Listening on port 3000..."}
{"level":"info","message":"Connected to mongodb://localhost/ems..."}
{"level":"info","message":"Listening on port 3000..."}
{"level":"info","message":"Connected to mongodb://localhost/ems..."}
{"level":"info","message":"Listening on port 3000..."}
{"level":"info","message":"Connected to mongodb://localhost/ems..."}
{"level":"info","message":"Listening on port 3000..."}
{"level":"info","message":"Connected to mongodb://localhost/ems..."}
{"level":"info","message":"Listening on port 3000..."}
{"level":"info","message":"Connected to mongodb://localhost/ems..."}
{"level":"info","message":"Listening on port 3000..."}
{"level":"info","message":"Connected to mongodb://localhost/ems..."}
{"level":"info","message":"Listening on port 3000..."}
{"level":"info","message":"Connected to mongodb://localhost/ems..."}
{"level":"error","message":"Student is not defined Student is not defined","stack":"ReferenceError: Student is not defined\n    at /Users/asheniranda/University/Network Programming/EMS/routes/user.js:14:19\n    at newFn (/Users/asheniranda/University/Network Programming/EMS/node_modules/express-async-errors/index.js:16:20)\n    at Layer.handle [as handle_request] (/Users/asheniranda/University/Network Programming/EMS/node_modules/express/lib/router/layer.js:95:5)\n    at next (/Users/asheniranda/University/Network Programming/EMS/node_modules/express/lib/router/route.js:144:13)\n    at module.exports (/Users/asheniranda/University/Network Programming/EMS/middlewares/auth.js:12:9)\n    at newFn (/Users/asheniranda/University/Network Programming/EMS/node_modules/express-async-errors/index.js:16:20)\n    at Layer.handle [as handle_request] (/Users/asheniranda/University/Network Programming/EMS/node_modules/express/lib/router/layer.js:95:5)\n    at next (/Users/asheniranda/University/Network Programming/EMS/node_modules/express/lib/router/route.js:144:13)\n    at Route.dispatch (/Users/asheniranda/University/Network Programming/EMS/node_modules/express/lib/router/route.js:114:3)\n    at newFn (/Users/asheniranda/University/Network Programming/EMS/node_modules/express-async-errors/index.js:16:20)"}
{"level":"info","message":"Listening on port 3000..."}
{"level":"info","message":"Connected to mongodb://localhost/ems..."}
{"level":"info","message":"Listening on port 3000..."}
{"level":"info","message":"Connected to mongodb://localhost/ems..."}
{"level":"info","message":"Listening on port 3000..."}
{"level":"info","message":"Connected to mongodb://localhost/ems..."}
{"level":"info","message":"Listening on port 3000..."}
{"level":"info","message":"Connected to mongodb://localhost/ems..."}
{"level":"info","message":"Listening on port 3000..."}
{"level":"info","message":"Connected to mongodb://localhost/ems..."}
{"level":"info","message":"Listening on port 3000..."}
{"level":"info","message":"Connected to mongodb://localhost/ems..."}
{"level":"info","message":"Listening on port 3001..."}
{"level":"info","message":"Connected to mongodb://35.173.243.38:27017/ems..."}
{"level":"info","message":"Listening on port 3001..."}
{"level":"info","message":"Connected to mongodb://35.173.243.38:27017/ems..."}
{"level":"info","message":"Listening on port 3001..."}
{"level":"info","message":"Connected to mongodb://35.173.243.38:27017/ems..."}
